<?xml version="1.0" encoding="UTF-8"?>
<testsuite xmlns:xsi="http://www.w3.org/2001/XMLSchema-instance" xsi:noNamespaceSchemaLocation="https://maven.apache.org/surefire/maven-surefire-plugin/xsd/surefire-test-report.xsd" name="project.testapi_petstore.AppTest" time="0.037" tests="1" errors="0" skipped="0" failures="0">
  <properties>
    <property name="java.specification.version" value="18"/>
    <property name="sun.cpu.isalist" value="amd64"/>
    <property name="sun.jnu.encoding" value="Cp1252"/>
    <property name="java.class.path" value="C:\Users\tais.ribeiro\eclipse-workspace\testapi-petstore\testapi-petstore\target\test-classes;C:\Users\tais.ribeiro\eclipse-workspace\testapi-petstore\testapi-petstore\target\classes;C:\Users\tais.ribeiro\.m2\repository\junit\junit\4.11\junit-4.11.jar;C:\Users\tais.ribeiro\.m2\repository\org\hamcrest\hamcrest-core\1.3\hamcrest-core-1.3.jar;"/>
    <property name="java.vm.vendor" value="Oracle Corporation"/>
    <property name="sun.arch.data.model" value="64"/>
    <property name="user.variant" value=""/>
    <property name="java.vendor.url" value="https://java.oracle.com/"/>
    <property name="user.timezone" value="America/Sao_Paulo"/>
    <property name="os.name" value="Windows 10"/>
    <property name="java.vm.specification.version" value="18"/>
    <property name="sun.java.launcher" value="SUN_STANDARD"/>
    <property name="user.country" value="BR"/>
    <property name="sun.boot.library.path" value="C:\Program Files\Java\jdk-18.0.1\bin"/>
    <property name="sun.java.command" value="C:\Users\TAIS~1.RIB\AppData\Local\Temp\surefire7586624956695161499\surefirebooter8554290511888210112.jar C:\Users\tais.ribeiro\AppData\Local\Temp\surefire7586624956695161499 2022-04-27T21-19-01_120-jvmRun1 surefire1896739465451788819tmp surefire_04269981831889634927tmp"/>
    <property name="jdk.debug" value="release"/>
    <property name="surefire.test.class.path" value="C:\Users\tais.ribeiro\eclipse-workspace\testapi-petstore\testapi-petstore\target\test-classes;C:\Users\tais.ribeiro\eclipse-workspace\testapi-petstore\testapi-petstore\target\classes;C:\Users\tais.ribeiro\.m2\repository\junit\junit\4.11\junit-4.11.jar;C:\Users\tais.ribeiro\.m2\repository\org\hamcrest\hamcrest-core\1.3\hamcrest-core-1.3.jar;"/>
    <property name="sun.cpu.endian" value="little"/>
    <property name="user.home" value="C:\Users\tais.ribeiro"/>
    <property name="user.language" value="pt"/>
    <property name="java.specification.vendor" value="Oracle Corporation"/>
    <property name="java.version.date" value="2022-04-19"/>
    <property name="java.home" value="C:\Program Files\Java\jdk-18.0.1"/>
    <property name="file.separator" value="\"/>
    <property name="basedir" value="C:\Users\tais.ribeiro\eclipse-workspace\testapi-petstore\testapi-petstore"/>
    <property name="java.vm.compressedOopsMode" value="32-bit"/>
    <property name="line.separator" value="&#10;"/>
    <property name="java.vm.specification.vendor" value="Oracle Corporation"/>
    <property name="java.specification.name" value="Java Platform API Specification"/>
    <property name="surefire.real.class.path" value="C:\Users\TAIS~1.RIB\AppData\Local\Temp\surefire7586624956695161499\surefirebooter8554290511888210112.jar"/>
    <property name="user.script" value=""/>
    <property name="sun.management.compiler" value="HotSpot 64-Bit Tiered Compilers"/>
    <property name="java.runtime.version" value="18.0.1+10-24"/>
    <property name="user.name" value="tais.ribeiro"/>
    <property name="path.separator" value=";"/>
    <property name="os.version" value="10.0"/>
    <property name="java.runtime.name" value="Java(TM) SE Runtime Environment"/>
    <property name="file.encoding" value="UTF-8"/>
    <property name="java.vm.name" value="Java HotSpot(TM) 64-Bit Server VM"/>
    <property name="localRepository" value="C:\Users\tais.ribeiro\.m2\repository"/>
    <property name="java.vendor.url.bug" value="https://bugreport.java.com/bugreport/"/>
    <property name="java.io.tmpdir" value="C:\Users\TAIS~1.RIB\AppData\Local\Temp\"/>
    <property name="java.version" value="18.0.1"/>
    <property name="user.dir" value="C:\Users\tais.ribeiro\eclipse-workspace\testapi-petstore\testapi-petstore"/>
    <property name="os.arch" value="amd64"/>
    <property name="java.vm.specification.name" value="Java Virtual Machine Specification"/>
    <property name="sun.os.patch.level" value=""/>
    <property name="native.encoding" value="Cp1252"/>
    <property name="java.library.path" value="C:\Program Files\Java\jdk-18.0.1\bin;C:\windows\Sun\Java\bin;C:\windows\system32;C:\windows;C:/Users/tais.ribeiro/.p2/pool/plugins/org.eclipse.justj.openjdk.hotspot.jre.full.win32.x86_64_16.0.2.v20210721-1149/jre/bin/server;C:/Users/tais.ribeiro/.p2/pool/plugins/org.eclipse.justj.openjdk.hotspot.jre.full.win32.x86_64_16.0.2.v20210721-1149/jre/bin;C:\Program Files\Common Files\Oracle\Java\javapath;C:\app\tais.ribeiro\product\11.1.0\client_1\bin;C:\app\tais.ribeiro\product\11.2.0\bin;C:\oracle\product\11.2.0\client_1\bin;C:\app\tais.ribeiro\product\11.2.0\client_1\bin;C:\app\tais.ribeiro\product\11.2.0\client_2\bin;C:\app\tais.ribeiro\product\11.2.0\client_1;C:\Program Files (x86)\Common Files\Oracle\Java\javapath;C:\windows\system32;C:\windows;C:\windows\System32\Wbem;C:\windows\System32\WindowsPowerShell\v1.0\;C:\Program Files\dotnet\;C:\Program Files\nodejs\;C:\Program Files\Git\cmd;C:\Program Files\Microsoft SQL Server\150\Tools\Binn\;C:\Program Files\Microsoft SQL Server\Client SDK\ODBC\170\Tools\Binn\;C:\Program Files\PowerShell\7\;C:\Program Files (x86)\GitExtensions\;C:\Program Files\TortoiseGit\bin;C:\Program Files (x86)\dotnet\;C:\Users\tais.ribeiro\AppData\Local\Microsoft\WindowsApps;;C:\Users\tais.ribeiro\AppData\Local\Programs\Microsoft VS Code\bin;C:\Users\tais.ribeiro\AppData\Roaming\npm;C:\Users\tais.ribeiro\.dotnet\tools;C:\Users\tais.ribeiro\Desktop;;."/>
    <property name="java.vm.info" value="mixed mode, sharing"/>
    <property name="java.vendor" value="Oracle Corporation"/>
    <property name="java.vm.version" value="18.0.1+10-24"/>
    <property name="sun.io.unicode.encoding" value="UnicodeLittle"/>
    <property name="java.class.version" value="62.0"/>
  </properties>
  <testcase name="shouldAnswerWithTrue" classname="project.testapi_petstore.AppTest" time="0.004"/>
</testsuite>